2026-01-29 18:40:59,244 [Worker-8: Loading available Gradle versions] INFO  o.e.b.c.i.u.g.PublishedGradleVersions - Gradle version information cache is not available. Remote download required.
2026-01-29 18:41:18,864 [Worker-12: Importing Maven projects] INFO  o.e.m.c.i.l.LifecycleMappingFactory - Using org.eclipse.m2e.jdt.JarLifecycleMapping lifecycle mapping for MavenProject: com.example:v-conf:0.0.1-SNAPSHOT @ D:\CDAC\Vehicle Configurator\Backend\v-conf\v-conf\pom.xml.
2026-01-29 18:41:20,600 [Worker-12: Importing Maven projects] INFO  o.e.m.j.i.AbstractJavaProjectConfigurator - Adding source folder /v-conf/src/main/java
2026-01-29 18:41:20,603 [Worker-12: Importing Maven projects] INFO  o.e.m.j.i.AbstractJavaProjectConfigurator - Adding resource folder /v-conf/src/main/resources
2026-01-29 18:41:20,605 [Worker-12: Importing Maven projects] INFO  o.e.m.j.i.AbstractJavaProjectConfigurator - Adding resource folder /v-conf/src/main/resources
2026-01-29 18:41:20,606 [Worker-12: Importing Maven projects] INFO  o.e.m.j.i.AbstractJavaProjectConfigurator - Adding source folder /v-conf/src/test/java
2026-01-29 18:41:20,607 [Worker-12: Importing Maven projects] INFO  o.e.m.j.i.AbstractJavaProjectConfigurator - Adding resource folder /v-conf/src/test/resources
2026-01-29 18:41:21,204 [Worker-12: Importing Maven projects] INFO  o.e.m.c.i.p.ProjectConfigurationManager - Imported and configured 1 project(s) in 3 sec
2026-01-29 18:41:23,418 [Worker-1: Building] INFO  o.a.m.s.f.DefaultMavenResourcesFiltering - Copying 4 resources from src\main\resources to target\classes
2026-01-29 18:41:23,444 [Worker-1: Building] INFO  o.a.m.s.f.DefaultMavenResourcesFiltering - Copying 0 resource from src\main\resources to target\classes
2026-01-29 18:41:23,449 [Worker-1: Building] INFO  o.a.m.s.f.DefaultMavenResourcesFiltering - skip non existing resourceDirectory D:\CDAC\Vehicle Configurator\Backend\v-conf\v-conf\src\test\resources
2026-01-29 18:51:41,560 [Worker-26: Building] INFO  o.a.m.s.f.DefaultMavenResourcesFiltering - Copying 1 resource from src\main\resources to target\classes
2026-01-29 18:51:41,567 [Worker-26: Building] INFO  o.a.m.s.f.DefaultMavenResourcesFiltering - Copying 0 resource from src\main\resources to target\classes
2026-01-29 18:51:41,571 [Worker-26: Building] INFO  o.a.m.s.f.DefaultMavenResourcesFiltering - skip non existing resourceDirectory D:\CDAC\Vehicle Configurator\Backend\v-conf\v-conf\src\test\resources
2026-01-30 01:08:45,848 [Worker-4: Loading available Gradle versions] INFO  o.e.b.c.i.u.g.PublishedGradleVersions - Gradle version information cache is up-to-date. Trying to read.
2026-01-30 01:08:52,303 [Worker-8: Building] INFO  o.a.m.s.f.DefaultMavenResourcesFiltering - Copying 4 resources from src\main\resources to target\classes
2026-01-30 01:08:52,377 [Worker-8: Building] INFO  o.a.m.s.f.DefaultMavenResourcesFiltering - Copying 0 resource from src\main\resources to target\classes
2026-01-30 01:08:52,385 [Worker-8: Building] INFO  o.a.m.s.f.DefaultMavenResourcesFiltering - skip non existing resourceDirectory D:\CDAC\Vehicle Configurator\Backend\v-conf\v-conf\src\test\resources
2026-01-30 01:08:55,410 [Worker-16: Building] INFO  o.a.m.s.f.DefaultMavenResourcesFiltering - Copying 4 resources from src\main\resources to target\classes
2026-01-30 01:08:55,416 [Worker-16: Building] INFO  o.a.m.s.f.DefaultMavenResourcesFiltering - Copying 0 resource from src\main\resources to target\classes
2026-01-30 01:08:55,421 [Worker-16: Building] INFO  o.a.m.s.f.DefaultMavenResourcesFiltering - skip non existing resourceDirectory D:\CDAC\Vehicle Configurator\Backend\v-conf\v-conf\src\test\resources
2026-01-30 08:41:08,930 [Worker-15: Building] INFO  o.a.m.s.f.DefaultMavenResourcesFiltering - Copying 4 resources from src\main\resources to target\classes
2026-01-30 08:41:09,131 [Worker-15: Building] INFO  o.a.m.s.f.DefaultMavenResourcesFiltering - Copying 0 resource from src\main\resources to target\classes
2026-01-30 08:41:09,136 [Worker-15: Building] INFO  o.a.m.s.f.DefaultMavenResourcesFiltering - skip non existing resourceDirectory D:\CDAC\Vehicle Configurator\Backend\v-conf\v-conf\src\test\resources
2026-01-30 11:44:30,246 [main] INFO  o.e.m2e.actions.ExecutePomAction - Creating new launch configuration
2026-01-30 11:45:25,439 [Worker-31: Launching v-conf] INFO  o.eclipse.m2e.core.internal.Bundles - getClasspathEntries(Bundle=org.eclipse.m2e.maven.runtime_3.9.900.20250220-2013 [639])
2026-01-30 11:45:25,443 [Worker-31: Launching v-conf] INFO  o.eclipse.m2e.core.internal.Bundles - 	Entry: C:\Users\Prathamesh\.p2\pool\plugins\org.eclipse.m2e.maven.runtime_3.9.900.20250220-2013
2026-01-30 11:45:25,443 [Worker-31: Launching v-conf] INFO  o.eclipse.m2e.core.internal.Bundles - 	Entry: C:\Users\Prathamesh\.p2\pool\plugins\org.eclipse.m2e.maven.runtime_3.9.900.20250220-2013\jars\aopalliance-1.0.jar
2026-01-30 11:45:25,444 [Worker-31: Launching v-conf] INFO  o.eclipse.m2e.core.internal.Bundles - 	Entry: C:\Users\Prathamesh\.p2\pool\plugins\org.eclipse.m2e.maven.runtime_3.9.900.20250220-2013\jars\guice-5.1.0.jar
2026-01-30 11:45:25,444 [Worker-31: Launching v-conf] INFO  o.eclipse.m2e.core.internal.Bundles - 	Entry: C:\Users\Prathamesh\.p2\pool\plugins\org.eclipse.m2e.maven.runtime_3.9.900.20250220-2013\jars\httpclient-4.5.14.jar
2026-01-30 11:45:25,445 [Worker-31: Launching v-conf] INFO  o.eclipse.m2e.core.internal.Bundles - 	Entry: C:\Users\Prathamesh\.p2\pool\plugins\org.eclipse.m2e.maven.runtime_3.9.900.20250220-2013\jars\httpcore-4.4.16.jar
2026-01-30 11:45:25,445 [Worker-31: Launching v-conf] INFO  o.eclipse.m2e.core.internal.Bundles - 	Entry: C:\Users\Prathamesh\.p2\pool\plugins\org.eclipse.m2e.maven.runtime_3.9.900.20250220-2013\jars\jansi-2.4.1.jar
2026-01-30 11:45:25,445 [Worker-31: Launching v-conf] INFO  o.eclipse.m2e.core.internal.Bundles - 	Entry: C:\Users\Prathamesh\.p2\pool\plugins\org.eclipse.m2e.maven.runtime_3.9.900.20250220-2013\jars\jcl-over-slf4j-1.7.36.jar
2026-01-30 11:45:25,446 [Worker-31: Launching v-conf] INFO  o.eclipse.m2e.core.internal.Bundles - 	Entry: C:\Users\Prathamesh\.p2\pool\plugins\org.eclipse.m2e.maven.runtime_3.9.900.20250220-2013\jars\maven-artifact-3.9.9.jar
2026-01-30 11:45:25,446 [Worker-31: Launching v-conf] INFO  o.eclipse.m2e.core.internal.Bundles - 	Entry: C:\Users\Prathamesh\.p2\pool\plugins\org.eclipse.m2e.maven.runtime_3.9.900.20250220-2013\jars\maven-builder-support-3.9.9.jar
2026-01-30 11:45:25,446 [Worker-31: Launching v-conf] INFO  o.eclipse.m2e.core.internal.Bundles - 	Entry: C:\Users\Prathamesh\.p2\pool\plugins\org.eclipse.m2e.maven.runtime_3.9.900.20250220-2013\jars\maven-compat-3.9.9.jar
2026-01-30 11:45:25,447 [Worker-31: Launching v-conf] INFO  o.eclipse.m2e.core.internal.Bundles - 	Entry: C:\Users\Prathamesh\.p2\pool\plugins\org.eclipse.m2e.maven.runtime_3.9.900.20250220-2013\jars\maven-core-3.9.9.jar
2026-01-30 11:45:25,447 [Worker-31: Launching v-conf] INFO  o.eclipse.m2e.core.internal.Bundles - 	Entry: C:\Users\Prathamesh\.p2\pool\plugins\org.eclipse.m2e.maven.runtime_3.9.900.20250220-2013\jars\maven-embedder-3.9.9.jar
2026-01-30 11:45:25,447 [Worker-31: Launching v-conf] INFO  o.eclipse.m2e.core.internal.Bundles - 	Entry: C:\Users\Prathamesh\.p2\pool\plugins\org.eclipse.m2e.maven.runtime_3.9.900.20250220-2013\jars\maven-model-3.9.9.jar
2026-01-30 11:45:25,447 [Worker-31: Launching v-conf] INFO  o.eclipse.m2e.core.internal.Bundles - 	Entry: C:\Users\Prathamesh\.p2\pool\plugins\org.eclipse.m2e.maven.runtime_3.9.900.20250220-2013\jars\maven-model-builder-3.9.9.jar
2026-01-30 11:45:25,448 [Worker-31: Launching v-conf] INFO  o.eclipse.m2e.core.internal.Bundles - 	Entry: C:\Users\Prathamesh\.p2\pool\plugins\org.eclipse.m2e.maven.runtime_3.9.900.20250220-2013\jars\maven-plugin-api-3.9.9.jar
2026-01-30 11:45:25,448 [Worker-31: Launching v-conf] INFO  o.eclipse.m2e.core.internal.Bundles - 	Entry: C:\Users\Prathamesh\.p2\pool\plugins\org.eclipse.m2e.maven.runtime_3.9.900.20250220-2013\jars\maven-repository-metadata-3.9.9.jar
2026-01-30 11:45:25,448 [Worker-31: Launching v-conf] INFO  o.eclipse.m2e.core.internal.Bundles - 	Entry: C:\Users\Prathamesh\.p2\pool\plugins\org.eclipse.m2e.maven.runtime_3.9.900.20250220-2013\jars\maven-resolver-api-1.9.22.jar
2026-01-30 11:45:25,449 [Worker-31: Launching v-conf] INFO  o.eclipse.m2e.core.internal.Bundles - 	Entry: C:\Users\Prathamesh\.p2\pool\plugins\org.eclipse.m2e.maven.runtime_3.9.900.20250220-2013\jars\maven-resolver-connector-basic-1.9.22.jar
2026-01-30 11:45:25,449 [Worker-31: Launching v-conf] INFO  o.eclipse.m2e.core.internal.Bundles - 	Entry: C:\Users\Prathamesh\.p2\pool\plugins\org.eclipse.m2e.maven.runtime_3.9.900.20250220-2013\jars\maven-resolver-impl-1.9.22.jar
2026-01-30 11:45:25,449 [Worker-31: Launching v-conf] INFO  o.eclipse.m2e.core.internal.Bundles - 	Entry: C:\Users\Prathamesh\.p2\pool\plugins\org.eclipse.m2e.maven.runtime_3.9.900.20250220-2013\jars\maven-resolver-named-locks-1.9.22.jar
2026-01-30 11:45:25,450 [Worker-31: Launching v-conf] INFO  o.eclipse.m2e.core.internal.Bundles - 	Entry: C:\Users\Prathamesh\.p2\pool\plugins\org.eclipse.m2e.maven.runtime_3.9.900.20250220-2013\jars\maven-resolver-provider-3.9.9.jar
2026-01-30 11:45:25,450 [Worker-31: Launching v-conf] INFO  o.eclipse.m2e.core.internal.Bundles - 	Entry: C:\Users\Prathamesh\.p2\pool\plugins\org.eclipse.m2e.maven.runtime_3.9.900.20250220-2013\jars\maven-resolver-spi-1.9.22.jar
2026-01-30 11:45:25,450 [Worker-31: Launching v-conf] INFO  o.eclipse.m2e.core.internal.Bundles - 	Entry: C:\Users\Prathamesh\.p2\pool\plugins\org.eclipse.m2e.maven.runtime_3.9.900.20250220-2013\jars\maven-resolver-transport-file-1.9.22.jar
2026-01-30 11:45:25,451 [Worker-31: Launching v-conf] INFO  o.eclipse.m2e.core.internal.Bundles - 	Entry: C:\Users\Prathamesh\.p2\pool\plugins\org.eclipse.m2e.maven.runtime_3.9.900.20250220-2013\jars\maven-resolver-transport-http-1.9.22.jar
2026-01-30 11:45:25,451 [Worker-31: Launching v-conf] INFO  o.eclipse.m2e.core.internal.Bundles - 	Entry: C:\Users\Prathamesh\.p2\pool\plugins\org.eclipse.m2e.maven.runtime_3.9.900.20250220-2013\jars\maven-resolver-transport-wagon-1.9.22.jar
2026-01-30 11:45:25,451 [Worker-31: Launching v-conf] INFO  o.eclipse.m2e.core.internal.Bundles - 	Entry: C:\Users\Prathamesh\.p2\pool\plugins\org.eclipse.m2e.maven.runtime_3.9.900.20250220-2013\jars\maven-resolver-util-1.9.22.jar
2026-01-30 11:45:25,452 [Worker-31: Launching v-conf] INFO  o.eclipse.m2e.core.internal.Bundles - 	Entry: C:\Users\Prathamesh\.p2\pool\plugins\org.eclipse.m2e.maven.runtime_3.9.900.20250220-2013\jars\maven-settings-3.9.9.jar
2026-01-30 11:45:25,452 [Worker-31: Launching v-conf] INFO  o.eclipse.m2e.core.internal.Bundles - 	Entry: C:\Users\Prathamesh\.p2\pool\plugins\org.eclipse.m2e.maven.runtime_3.9.900.20250220-2013\jars\maven-settings-builder-3.9.9.jar
2026-01-30 11:45:25,452 [Worker-31: Launching v-conf] INFO  o.eclipse.m2e.core.internal.Bundles - 	Entry: C:\Users\Prathamesh\.p2\pool\plugins\org.eclipse.m2e.maven.runtime_3.9.900.20250220-2013\jars\maven-shared-utils-3.4.2.jar
2026-01-30 11:45:25,453 [Worker-31: Launching v-conf] INFO  o.eclipse.m2e.core.internal.Bundles - 	Entry: C:\Users\Prathamesh\.p2\pool\plugins\org.eclipse.m2e.maven.runtime_3.9.900.20250220-2013\jars\org.eclipse.sisu.inject-0.9.0.M3.jar
2026-01-30 11:45:25,453 [Worker-31: Launching v-conf] INFO  o.eclipse.m2e.core.internal.Bundles - 	Entry: C:\Users\Prathamesh\.p2\pool\plugins\org.eclipse.m2e.maven.runtime_3.9.900.20250220-2013\jars\org.eclipse.sisu.plexus-0.9.0.M3.jar
2026-01-30 11:45:25,453 [Worker-31: Launching v-conf] INFO  o.eclipse.m2e.core.internal.Bundles - 	Entry: C:\Users\Prathamesh\.p2\pool\plugins\org.eclipse.m2e.maven.runtime_3.9.900.20250220-2013\jars\plexus-build-api-0.0.7.jar
2026-01-30 11:45:25,453 [Worker-31: Launching v-conf] INFO  o.eclipse.m2e.core.internal.Bundles - 	Entry: C:\Users\Prathamesh\.p2\pool\plugins\org.eclipse.m2e.maven.runtime_3.9.900.20250220-2013\jars\plexus-build-api-1.2.0.jar
2026-01-30 11:45:25,454 [Worker-31: Launching v-conf] INFO  o.eclipse.m2e.core.internal.Bundles - 	Entry: C:\Users\Prathamesh\.p2\pool\plugins\org.eclipse.m2e.maven.runtime_3.9.900.20250220-2013\jars\plexus-cipher-2.0.jar
2026-01-30 11:45:25,454 [Worker-31: Launching v-conf] INFO  o.eclipse.m2e.core.internal.Bundles - 	Entry: C:\Users\Prathamesh\.p2\pool\plugins\org.eclipse.m2e.maven.runtime_3.9.900.20250220-2013\jars\plexus-classworlds-2.8.0.jar
2026-01-30 11:45:25,454 [Worker-31: Launching v-conf] INFO  o.eclipse.m2e.core.internal.Bundles - 	Entry: C:\Users\Prathamesh\.p2\pool\plugins\org.eclipse.m2e.maven.runtime_3.9.900.20250220-2013\jars\plexus-component-annotations-2.1.0.jar
2026-01-30 11:45:25,455 [Worker-31: Launching v-conf] INFO  o.eclipse.m2e.core.internal.Bundles - 	Entry: C:\Users\Prathamesh\.p2\pool\plugins\org.eclipse.m2e.maven.runtime_3.9.900.20250220-2013\jars\plexus-interpolation-1.27.jar
2026-01-30 11:45:25,455 [Worker-31: Launching v-conf] INFO  o.eclipse.m2e.core.internal.Bundles - 	Entry: C:\Users\Prathamesh\.p2\pool\plugins\org.eclipse.m2e.maven.runtime_3.9.900.20250220-2013\jars\plexus-sec-dispatcher-2.0.jar
2026-01-30 11:45:25,455 [Worker-31: Launching v-conf] INFO  o.eclipse.m2e.core.internal.Bundles - 	Entry: C:\Users\Prathamesh\.p2\pool\plugins\org.eclipse.m2e.maven.runtime_3.9.900.20250220-2013\jars\plexus-utils-3.5.1.jar
2026-01-30 11:45:25,456 [Worker-31: Launching v-conf] INFO  o.eclipse.m2e.core.internal.Bundles - 	Entry: C:\Users\Prathamesh\.p2\pool\plugins\org.eclipse.m2e.maven.runtime_3.9.900.20250220-2013\jars\plexus-xml-3.0.1.jar
2026-01-30 11:45:25,456 [Worker-31: Launching v-conf] INFO  o.eclipse.m2e.core.internal.Bundles - 	Entry: C:\Users\Prathamesh\.p2\pool\plugins\org.eclipse.m2e.maven.runtime_3.9.900.20250220-2013\jars\wagon-file-3.5.3.jar
2026-01-30 11:45:25,456 [Worker-31: Launching v-conf] INFO  o.eclipse.m2e.core.internal.Bundles - 	Entry: C:\Users\Prathamesh\.p2\pool\plugins\org.eclipse.m2e.maven.runtime_3.9.900.20250220-2013\jars\wagon-http-3.5.3.jar
2026-01-30 11:45:25,457 [Worker-31: Launching v-conf] INFO  o.eclipse.m2e.core.internal.Bundles - 	Entry: C:\Users\Prathamesh\.p2\pool\plugins\org.eclipse.m2e.maven.runtime_3.9.900.20250220-2013\jars\wagon-http-shared-3.5.3.jar
2026-01-30 11:45:25,457 [Worker-31: Launching v-conf] INFO  o.eclipse.m2e.core.internal.Bundles - 	Entry: C:\Users\Prathamesh\.p2\pool\plugins\org.eclipse.m2e.maven.runtime_3.9.900.20250220-2013\jars\wagon-provider-api-3.5.3.jar
2026-01-30 11:45:25,462 [Worker-31: Launching v-conf] INFO  o.eclipse.m2e.core.internal.Bundles - getClasspathEntries(Bundle=com.google.guava_33.5.0.jre [1026])
2026-01-30 11:45:25,463 [Worker-31: Launching v-conf] INFO  o.eclipse.m2e.core.internal.Bundles - 	Entry: C:\Users\Prathamesh\.p2\pool\plugins\com.google.guava_33.5.0.jre.jar
2026-01-30 11:45:25,464 [Worker-31: Launching v-conf] INFO  o.eclipse.m2e.core.internal.Bundles - getClasspathEntries(Bundle=slf4j.api_2.0.17 [1004])
2026-01-30 11:45:25,464 [Worker-31: Launching v-conf] INFO  o.eclipse.m2e.core.internal.Bundles - 	Entry: C:\Users\Prathamesh\.p2\pool\plugins\slf4j.api_2.0.17.jar
2026-01-30 11:45:25,465 [Worker-31: Launching v-conf] INFO  o.eclipse.m2e.core.internal.Bundles - getClasspathEntries(Bundle=jakarta.inject.jakarta.inject-api_1.0.5 [35])
2026-01-30 11:45:25,465 [Worker-31: Launching v-conf] INFO  o.eclipse.m2e.core.internal.Bundles - 	Entry: C:\Users\Prathamesh\.p2\pool\plugins\jakarta.inject.jakarta.inject-api_1.0.5.jar
2026-01-30 11:45:25,465 [Worker-31: Launching v-conf] INFO  o.eclipse.m2e.core.internal.Bundles - getClasspathEntries(Bundle=javax.annotation_1.3.5.v20200909-1856 [45])
2026-01-30 11:45:25,466 [Worker-31: Launching v-conf] INFO  o.eclipse.m2e.core.internal.Bundles - 	Entry: C:\Users\Prathamesh\.p2\pool\plugins\javax.annotation_1.3.5.v20200909-1856.jar
2026-01-30 11:45:25,466 [Worker-31: Launching v-conf] INFO  o.eclipse.m2e.core.internal.Bundles - getClasspathEntries(Bundle=org.apache.commons.cli_1.11.0 [1042])
2026-01-30 11:45:25,467 [Worker-31: Launching v-conf] INFO  o.eclipse.m2e.core.internal.Bundles - 	Entry: C:\Users\Prathamesh\.p2\pool\plugins\org.apache.commons.cli_1.11.0.jar
2026-01-30 11:45:25,467 [Worker-31: Launching v-conf] INFO  o.eclipse.m2e.core.internal.Bundles - getClasspathEntries(Bundle=org.apache.commons.commons-codec_1.16.0 [78])
2026-01-30 11:45:25,468 [Worker-31: Launching v-conf] INFO  o.eclipse.m2e.core.internal.Bundles - 	Entry: C:\Users\Prathamesh\.p2\pool\plugins\org.apache.commons.commons-codec_1.16.0.jar
2026-01-30 11:45:25,469 [Worker-31: Launching v-conf] INFO  o.eclipse.m2e.core.internal.Bundles - getClasspathEntries(Bundle=com.google.guava.failureaccess_1.0.3 [19])
2026-01-30 11:45:25,469 [Worker-31: Launching v-conf] INFO  o.eclipse.m2e.core.internal.Bundles - 	Entry: C:\Users\Prathamesh\.p2\pool\plugins\com.google.guava.failureaccess_1.0.3.jar
2026-01-30 11:45:25,473 [Worker-31: Launching v-conf] INFO  o.e.m.i.launch.MavenLaunchDelegate - Run build in "D:\CDAC\Vehicle Configurator\Backend\v-conf\v-conf":
2026-01-30 11:45:25,474 [Worker-31: Launching v-conf] INFO  o.e.m.i.launch.MavenLaunchDelegate -  mvn  -B -Dstyle.color=always clean package
2026-01-30 11:45:25,770 [Worker-30: Building] INFO  o.a.m.s.f.DefaultMavenResourcesFiltering - Copying 4 resources from src\main\resources to target\classes
2026-01-30 11:45:26,165 [Worker-30: Building] INFO  o.a.m.s.f.DefaultMavenResourcesFiltering - Copying 0 resource from src\main\resources to target\classes
2026-01-30 11:45:26,171 [Worker-30: Building] INFO  o.a.m.s.f.DefaultMavenResourcesFiltering - skip non existing resourceDirectory D:\CDAC\Vehicle Configurator\Backend\v-conf\v-conf\src\test\resources
2026-01-30 11:46:20,101 [Worker-31: Building] INFO  o.a.m.s.f.DefaultMavenResourcesFiltering - Copying 4 resources from src\main\resources to target\classes
2026-01-30 11:46:20,107 [Worker-31: Building] INFO  o.a.m.s.f.DefaultMavenResourcesFiltering - Copying 0 resource from src\main\resources to target\classes
2026-01-30 11:46:20,112 [Worker-31: Building] INFO  o.a.m.s.f.DefaultMavenResourcesFiltering - skip non existing resourceDirectory D:\CDAC\Vehicle Configurator\Backend\v-conf\v-conf\src\test\resources
2026-01-30 11:46:42,157 [Worker-30: Building] INFO  o.a.m.s.f.DefaultMavenResourcesFiltering - Copying 4 resources from src\main\resources to target\classes
2026-01-30 11:46:42,164 [Worker-30: Building] INFO  o.a.m.s.f.DefaultMavenResourcesFiltering - Copying 0 resource from src\main\resources to target\classes
2026-01-30 11:46:42,167 [Worker-30: Building] INFO  o.a.m.s.f.DefaultMavenResourcesFiltering - skip non existing resourceDirectory D:\CDAC\Vehicle Configurator\Backend\v-conf\v-conf\src\test\resources
2026-01-30 11:48:02,770 [main] INFO  o.e.m2e.actions.ExecutePomAction - Creating new launch configuration
2026-01-30 11:48:47,075 [Worker-29: Launching v-conf (1)] INFO  o.eclipse.m2e.core.internal.Bundles - getClasspathEntries(Bundle=org.eclipse.m2e.maven.runtime_3.9.900.20250220-2013 [639])
2026-01-30 11:48:47,076 [Worker-29: Launching v-conf (1)] INFO  o.eclipse.m2e.core.internal.Bundles - 	Entry: C:\Users\Prathamesh\.p2\pool\plugins\org.eclipse.m2e.maven.runtime_3.9.900.20250220-2013
2026-01-30 11:48:47,076 [Worker-29: Launching v-conf (1)] INFO  o.eclipse.m2e.core.internal.Bundles - 	Entry: C:\Users\Prathamesh\.p2\pool\plugins\org.eclipse.m2e.maven.runtime_3.9.900.20250220-2013\jars\aopalliance-1.0.jar
2026-01-30 11:48:47,076 [Worker-29: Launching v-conf (1)] INFO  o.eclipse.m2e.core.internal.Bundles - 	Entry: C:\Users\Prathamesh\.p2\pool\plugins\org.eclipse.m2e.maven.runtime_3.9.900.20250220-2013\jars\guice-5.1.0.jar
2026-01-30 11:48:47,077 [Worker-29: Launching v-conf (1)] INFO  o.eclipse.m2e.core.internal.Bundles - 	Entry: C:\Users\Prathamesh\.p2\pool\plugins\org.eclipse.m2e.maven.runtime_3.9.900.20250220-2013\jars\httpclient-4.5.14.jar
2026-01-30 11:48:47,077 [Worker-29: Launching v-conf (1)] INFO  o.eclipse.m2e.core.internal.Bundles - 	Entry: C:\Users\Prathamesh\.p2\pool\plugins\org.eclipse.m2e.maven.runtime_3.9.900.20250220-2013\jars\httpcore-4.4.16.jar
2026-01-30 11:48:47,077 [Worker-29: Launching v-conf (1)] INFO  o.eclipse.m2e.core.internal.Bundles - 	Entry: C:\Users\Prathamesh\.p2\pool\plugins\org.eclipse.m2e.maven.runtime_3.9.900.20250220-2013\jars\jansi-2.4.1.jar
2026-01-30 11:48:47,078 [Worker-29: Launching v-conf (1)] INFO  o.eclipse.m2e.core.internal.Bundles - 	Entry: C:\Users\Prathamesh\.p2\pool\plugins\org.eclipse.m2e.maven.runtime_3.9.900.20250220-2013\jars\jcl-over-slf4j-1.7.36.jar
2026-01-30 11:48:47,078 [Worker-29: Launching v-conf (1)] INFO  o.eclipse.m2e.core.internal.Bundles - 	Entry: C:\Users\Prathamesh\.p2\pool\plugins\org.eclipse.m2e.maven.runtime_3.9.900.20250220-2013\jars\maven-artifact-3.9.9.jar
2026-01-30 11:48:47,078 [Worker-29: Launching v-conf (1)] INFO  o.eclipse.m2e.core.internal.Bundles - 	Entry: C:\Users\Prathamesh\.p2\pool\plugins\org.eclipse.m2e.maven.runtime_3.9.900.20250220-2013\jars\maven-builder-support-3.9.9.jar
2026-01-30 11:48:47,078 [Worker-29: Launching v-conf (1)] INFO  o.eclipse.m2e.core.internal.Bundles - 	Entry: C:\Users\Prathamesh\.p2\pool\plugins\org.eclipse.m2e.maven.runtime_3.9.900.20250220-2013\jars\maven-compat-3.9.9.jar
2026-01-30 11:48:47,079 [Worker-29: Launching v-conf (1)] INFO  o.eclipse.m2e.core.internal.Bundles - 	Entry: C:\Users\Prathamesh\.p2\pool\plugins\org.eclipse.m2e.maven.runtime_3.9.900.20250220-2013\jars\maven-core-3.9.9.jar
2026-01-30 11:48:47,079 [Worker-29: Launching v-conf (1)] INFO  o.eclipse.m2e.core.internal.Bundles - 	Entry: C:\Users\Prathamesh\.p2\pool\plugins\org.eclipse.m2e.maven.runtime_3.9.900.20250220-2013\jars\maven-embedder-3.9.9.jar
2026-01-30 11:48:47,079 [Worker-29: Launching v-conf (1)] INFO  o.eclipse.m2e.core.internal.Bundles - 	Entry: C:\Users\Prathamesh\.p2\pool\plugins\org.eclipse.m2e.maven.runtime_3.9.900.20250220-2013\jars\maven-model-3.9.9.jar
2026-01-30 11:48:47,079 [Worker-29: Launching v-conf (1)] INFO  o.eclipse.m2e.core.internal.Bundles - 	Entry: C:\Users\Prathamesh\.p2\pool\plugins\org.eclipse.m2e.maven.runtime_3.9.900.20250220-2013\jars\maven-model-builder-3.9.9.jar
2026-01-30 11:48:47,080 [Worker-29: Launching v-conf (1)] INFO  o.eclipse.m2e.core.internal.Bundles - 	Entry: C:\Users\Prathamesh\.p2\pool\plugins\org.eclipse.m2e.maven.runtime_3.9.900.20250220-2013\jars\maven-plugin-api-3.9.9.jar
2026-01-30 11:48:47,080 [Worker-29: Launching v-conf (1)] INFO  o.eclipse.m2e.core.internal.Bundles - 	Entry: C:\Users\Prathamesh\.p2\pool\plugins\org.eclipse.m2e.maven.runtime_3.9.900.20250220-2013\jars\maven-repository-metadata-3.9.9.jar
2026-01-30 11:48:47,080 [Worker-29: Launching v-conf (1)] INFO  o.eclipse.m2e.core.internal.Bundles - 	Entry: C:\Users\Prathamesh\.p2\pool\plugins\org.eclipse.m2e.maven.runtime_3.9.900.20250220-2013\jars\maven-resolver-api-1.9.22.jar
2026-01-30 11:48:47,081 [Worker-29: Launching v-conf (1)] INFO  o.eclipse.m2e.core.internal.Bundles - 	Entry: C:\Users\Prathamesh\.p2\pool\plugins\org.eclipse.m2e.maven.runtime_3.9.900.20250220-2013\jars\maven-resolver-connector-basic-1.9.22.jar
2026-01-30 11:48:47,081 [Worker-29: Launching v-conf (1)] INFO  o.eclipse.m2e.core.internal.Bundles - 	Entry: C:\Users\Prathamesh\.p2\pool\plugins\org.eclipse.m2e.maven.runtime_3.9.900.20250220-2013\jars\maven-resolver-impl-1.9.22.jar
2026-01-30 11:48:47,081 [Worker-29: Launching v-conf (1)] INFO  o.eclipse.m2e.core.internal.Bundles - 	Entry: C:\Users\Prathamesh\.p2\pool\plugins\org.eclipse.m2e.maven.runtime_3.9.900.20250220-2013\jars\maven-resolver-named-locks-1.9.22.jar
2026-01-30 11:48:47,082 [Worker-29: Launching v-conf (1)] INFO  o.eclipse.m2e.core.internal.Bundles - 	Entry: C:\Users\Prathamesh\.p2\pool\plugins\org.eclipse.m2e.maven.runtime_3.9.900.20250220-2013\jars\maven-resolver-provider-3.9.9.jar
2026-01-30 11:48:47,082 [Worker-29: Launching v-conf (1)] INFO  o.eclipse.m2e.core.internal.Bundles - 	Entry: C:\Users\Prathamesh\.p2\pool\plugins\org.eclipse.m2e.maven.runtime_3.9.900.20250220-2013\jars\maven-resolver-spi-1.9.22.jar
2026-01-30 11:48:47,082 [Worker-29: Launching v-conf (1)] INFO  o.eclipse.m2e.core.internal.Bundles - 	Entry: C:\Users\Prathamesh\.p2\pool\plugins\org.eclipse.m2e.maven.runtime_3.9.900.20250220-2013\jars\maven-resolver-transport-file-1.9.22.jar
2026-01-30 11:48:47,082 [Worker-29: Launching v-conf (1)] INFO  o.eclipse.m2e.core.internal.Bundles - 	Entry: C:\Users\Prathamesh\.p2\pool\plugins\org.eclipse.m2e.maven.runtime_3.9.900.20250220-2013\jars\maven-resolver-transport-http-1.9.22.jar
2026-01-30 11:48:47,083 [Worker-29: Launching v-conf (1)] INFO  o.eclipse.m2e.core.internal.Bundles - 	Entry: C:\Users\Prathamesh\.p2\pool\plugins\org.eclipse.m2e.maven.runtime_3.9.900.20250220-2013\jars\maven-resolver-transport-wagon-1.9.22.jar
2026-01-30 11:48:47,083 [Worker-29: Launching v-conf (1)] INFO  o.eclipse.m2e.core.internal.Bundles - 	Entry: C:\Users\Prathamesh\.p2\pool\plugins\org.eclipse.m2e.maven.runtime_3.9.900.20250220-2013\jars\maven-resolver-util-1.9.22.jar
2026-01-30 11:48:47,083 [Worker-29: Launching v-conf (1)] INFO  o.eclipse.m2e.core.internal.Bundles - 	Entry: C:\Users\Prathamesh\.p2\pool\plugins\org.eclipse.m2e.maven.runtime_3.9.900.20250220-2013\jars\maven-settings-3.9.9.jar
2026-01-30 11:48:47,083 [Worker-29: Launching v-conf (1)] INFO  o.eclipse.m2e.core.internal.Bundles - 	Entry: C:\Users\Prathamesh\.p2\pool\plugins\org.eclipse.m2e.maven.runtime_3.9.900.20250220-2013\jars\maven-settings-builder-3.9.9.jar
2026-01-30 11:48:47,083 [Worker-29: Launching v-conf (1)] INFO  o.eclipse.m2e.core.internal.Bundles - 	Entry: C:\Users\Prathamesh\.p2\pool\plugins\org.eclipse.m2e.maven.runtime_3.9.900.20250220-2013\jars\maven-shared-utils-3.4.2.jar
2026-01-30 11:48:47,084 [Worker-29: Launching v-conf (1)] INFO  o.eclipse.m2e.core.internal.Bundles - 	Entry: C:\Users\Prathamesh\.p2\pool\plugins\org.eclipse.m2e.maven.runtime_3.9.900.20250220-2013\jars\org.eclipse.sisu.inject-0.9.0.M3.jar
2026-01-30 11:48:47,084 [Worker-29: Launching v-conf (1)] INFO  o.eclipse.m2e.core.internal.Bundles - 	Entry: C:\Users\Prathamesh\.p2\pool\plugins\org.eclipse.m2e.maven.runtime_3.9.900.20250220-2013\jars\org.eclipse.sisu.plexus-0.9.0.M3.jar
2026-01-30 11:48:47,084 [Worker-29: Launching v-conf (1)] INFO  o.eclipse.m2e.core.internal.Bundles - 	Entry: C:\Users\Prathamesh\.p2\pool\plugins\org.eclipse.m2e.maven.runtime_3.9.900.20250220-2013\jars\plexus-build-api-0.0.7.jar
2026-01-30 11:48:47,084 [Worker-29: Launching v-conf (1)] INFO  o.eclipse.m2e.core.internal.Bundles - 	Entry: C:\Users\Prathamesh\.p2\pool\plugins\org.eclipse.m2e.maven.runtime_3.9.900.20250220-2013\jars\plexus-build-api-1.2.0.jar
2026-01-30 11:48:47,084 [Worker-29: Launching v-conf (1)] INFO  o.eclipse.m2e.core.internal.Bundles - 	Entry: C:\Users\Prathamesh\.p2\pool\plugins\org.eclipse.m2e.maven.runtime_3.9.900.20250220-2013\jars\plexus-cipher-2.0.jar
2026-01-30 11:48:47,085 [Worker-29: Launching v-conf (1)] INFO  o.eclipse.m2e.core.internal.Bundles - 	Entry: C:\Users\Prathamesh\.p2\pool\plugins\org.eclipse.m2e.maven.runtime_3.9.900.20250220-2013\jars\plexus-classworlds-2.8.0.jar
2026-01-30 11:48:47,085 [Worker-29: Launching v-conf (1)] INFO  o.eclipse.m2e.core.internal.Bundles - 	Entry: C:\Users\Prathamesh\.p2\pool\plugins\org.eclipse.m2e.maven.runtime_3.9.900.20250220-2013\jars\plexus-component-annotations-2.1.0.jar
2026-01-30 11:48:47,085 [Worker-29: Launching v-conf (1)] INFO  o.eclipse.m2e.core.internal.Bundles - 	Entry: C:\Users\Prathamesh\.p2\pool\plugins\org.eclipse.m2e.maven.runtime_3.9.900.20250220-2013\jars\plexus-interpolation-1.27.jar
2026-01-30 11:48:47,085 [Worker-29: Launching v-conf (1)] INFO  o.eclipse.m2e.core.internal.Bundles - 	Entry: C:\Users\Prathamesh\.p2\pool\plugins\org.eclipse.m2e.maven.runtime_3.9.900.20250220-2013\jars\plexus-sec-dispatcher-2.0.jar
2026-01-30 11:48:47,086 [Worker-29: Launching v-conf (1)] INFO  o.eclipse.m2e.core.internal.Bundles - 	Entry: C:\Users\Prathamesh\.p2\pool\plugins\org.eclipse.m2e.maven.runtime_3.9.900.20250220-2013\jars\plexus-utils-3.5.1.jar
2026-01-30 11:48:47,086 [Worker-29: Launching v-conf (1)] INFO  o.eclipse.m2e.core.internal.Bundles - 	Entry: C:\Users\Prathamesh\.p2\pool\plugins\org.eclipse.m2e.maven.runtime_3.9.900.20250220-2013\jars\plexus-xml-3.0.1.jar
2026-01-30 11:48:47,086 [Worker-29: Launching v-conf (1)] INFO  o.eclipse.m2e.core.internal.Bundles - 	Entry: C:\Users\Prathamesh\.p2\pool\plugins\org.eclipse.m2e.maven.runtime_3.9.900.20250220-2013\jars\wagon-file-3.5.3.jar
2026-01-30 11:48:47,086 [Worker-29: Launching v-conf (1)] INFO  o.eclipse.m2e.core.internal.Bundles - 	Entry: C:\Users\Prathamesh\.p2\pool\plugins\org.eclipse.m2e.maven.runtime_3.9.900.20250220-2013\jars\wagon-http-3.5.3.jar
2026-01-30 11:48:47,087 [Worker-29: Launching v-conf (1)] INFO  o.eclipse.m2e.core.internal.Bundles - 	Entry: C:\Users\Prathamesh\.p2\pool\plugins\org.eclipse.m2e.maven.runtime_3.9.900.20250220-2013\jars\wagon-http-shared-3.5.3.jar
2026-01-30 11:48:47,087 [Worker-29: Launching v-conf (1)] INFO  o.eclipse.m2e.core.internal.Bundles - 	Entry: C:\Users\Prathamesh\.p2\pool\plugins\org.eclipse.m2e.maven.runtime_3.9.900.20250220-2013\jars\wagon-provider-api-3.5.3.jar
2026-01-30 11:48:47,088 [Worker-29: Launching v-conf (1)] INFO  o.eclipse.m2e.core.internal.Bundles - getClasspathEntries(Bundle=com.google.guava_33.5.0.jre [1026])
2026-01-30 11:48:47,089 [Worker-29: Launching v-conf (1)] INFO  o.eclipse.m2e.core.internal.Bundles - 	Entry: C:\Users\Prathamesh\.p2\pool\plugins\com.google.guava_33.5.0.jre.jar
2026-01-30 11:48:47,089 [Worker-29: Launching v-conf (1)] INFO  o.eclipse.m2e.core.internal.Bundles - getClasspathEntries(Bundle=slf4j.api_2.0.17 [1004])
2026-01-30 11:48:47,089 [Worker-29: Launching v-conf (1)] INFO  o.eclipse.m2e.core.internal.Bundles - 	Entry: C:\Users\Prathamesh\.p2\pool\plugins\slf4j.api_2.0.17.jar
2026-01-30 11:48:47,089 [Worker-29: Launching v-conf (1)] INFO  o.eclipse.m2e.core.internal.Bundles - getClasspathEntries(Bundle=jakarta.inject.jakarta.inject-api_1.0.5 [35])
2026-01-30 11:48:47,090 [Worker-29: Launching v-conf (1)] INFO  o.eclipse.m2e.core.internal.Bundles - 	Entry: C:\Users\Prathamesh\.p2\pool\plugins\jakarta.inject.jakarta.inject-api_1.0.5.jar
2026-01-30 11:48:47,090 [Worker-29: Launching v-conf (1)] INFO  o.eclipse.m2e.core.internal.Bundles - getClasspathEntries(Bundle=javax.annotation_1.3.5.v20200909-1856 [45])
2026-01-30 11:48:47,091 [Worker-29: Launching v-conf (1)] INFO  o.eclipse.m2e.core.internal.Bundles - 	Entry: C:\Users\Prathamesh\.p2\pool\plugins\javax.annotation_1.3.5.v20200909-1856.jar
2026-01-30 11:48:47,091 [Worker-29: Launching v-conf (1)] INFO  o.eclipse.m2e.core.internal.Bundles - getClasspathEntries(Bundle=org.apache.commons.cli_1.11.0 [1042])
2026-01-30 11:48:47,092 [Worker-29: Launching v-conf (1)] INFO  o.eclipse.m2e.core.internal.Bundles - 	Entry: C:\Users\Prathamesh\.p2\pool\plugins\org.apache.commons.cli_1.11.0.jar
2026-01-30 11:48:47,092 [Worker-29: Launching v-conf (1)] INFO  o.eclipse.m2e.core.internal.Bundles - getClasspathEntries(Bundle=org.apache.commons.commons-codec_1.16.0 [78])
2026-01-30 11:48:47,092 [Worker-29: Launching v-conf (1)] INFO  o.eclipse.m2e.core.internal.Bundles - 	Entry: C:\Users\Prathamesh\.p2\pool\plugins\org.apache.commons.commons-codec_1.16.0.jar
2026-01-30 11:48:47,092 [Worker-29: Launching v-conf (1)] INFO  o.eclipse.m2e.core.internal.Bundles - getClasspathEntries(Bundle=com.google.guava.failureaccess_1.0.3 [19])
2026-01-30 11:48:47,093 [Worker-29: Launching v-conf (1)] INFO  o.eclipse.m2e.core.internal.Bundles - 	Entry: C:\Users\Prathamesh\.p2\pool\plugins\com.google.guava.failureaccess_1.0.3.jar
2026-01-30 11:48:47,094 [Worker-29: Launching v-conf (1)] INFO  o.e.m.i.launch.MavenLaunchDelegate - Run build in "D:\CDAC\Vehicle Configurator\Backend\v-conf\v-conf":
2026-01-30 11:48:47,095 [Worker-29: Launching v-conf (1)] INFO  o.e.m.i.launch.MavenLaunchDelegate -  mvn  -B -Dstyle.color=always clean package
2026-01-30 11:49:45,371 [Worker-33: Building] INFO  o.a.m.s.f.DefaultMavenResourcesFiltering - Copying 4 resources from src\main\resources to target\classes
2026-01-30 11:49:45,577 [Worker-33: Building] INFO  o.a.m.s.f.DefaultMavenResourcesFiltering - Copying 0 resource from src\main\resources to target\classes
2026-01-30 11:49:45,582 [Worker-33: Building] INFO  o.a.m.s.f.DefaultMavenResourcesFiltering - skip non existing resourceDirectory D:\CDAC\Vehicle Configurator\Backend\v-conf\v-conf\src\test\resources
2026-01-30 17:53:55,288 [Worker-6: Loading available Gradle versions] INFO  o.e.b.c.i.u.g.PublishedGradleVersions - Gradle version information cache is up-to-date. Trying to read.
2026-02-08 12:46:48,147 [Worker-2: Loading available Gradle versions] INFO  o.e.b.c.i.u.g.PublishedGradleVersions - Gradle version information cache is out-of-date. Trying to update.
2026-02-08 12:46:48,954 [Worker-2: Loading available Gradle versions] INFO  o.e.b.c.i.u.g.PublishedGradleVersions - Updating Gradle version information cache failed. Using outdated cache.
2026-02-08 12:52:22,075 [Worker-2: Loading available Gradle versions] INFO  o.e.b.c.i.u.g.PublishedGradleVersions - Gradle version information cache is out-of-date. Trying to update.
